Servidor de monitoreo corriendo en http://localhost:3002
Cliente de monitoreo conectado
Puerto 3002 está disponible.

=== Servidor de Monitoreo Iniciado ===
URL: http://localhost:3002
Puerto: 3002
=====================================


=== Cliente de Monitoreo Conectado ===
ID del socket: Wfmegp3bZffiNdskAAAB
=====================================


=== Cliente de Monitoreo Desconectado ===
ID del socket: Wfmegp3bZffiNdskAAAB
========================================


=== Cliente de Monitoreo Conectado ===
ID del socket: hjlQUkmnfgCOMpyDAAAD
=====================================


=== Cliente de Monitoreo Conectado ===
ID del socket: 8iyfJRM6TaKBsJKGAAAF
=====================================


=== Cliente de Monitoreo Desconectado ===
ID del socket: hjlQUkmnfgCOMpyDAAAD
========================================


=== Cliente de Monitoreo Conectado ===
ID del socket: RsrOdMYy9Xtq2he4AAAH
=====================================


=== Cliente de Monitoreo Conectado ===
ID del socket: 5FzPesQ9Ro3gD6v0AAAJ
=====================================

Puerto 3001 está disponible.

=== Servidor de Monitoreo Iniciado ===
URL: http://localhost:3001
Puerto: 3001
=====================================

Puerto 3001 está disponible.

=== Servidor de Monitoreo Iniciado ===
URL: http://localhost:3001
Puerto: 3001
=====================================

Puerto 3001 está disponible.

=== Servidor de Monitoreo Iniciado ===
URL: http://localhost:3001
Puerto: 3001
=====================================


=== Cliente de Monitoreo Conectado ===
ID del socket: k_L2GZdHbGHRpe6fAAAB
=====================================


=== Cliente de Monitoreo Conectado ===
ID del socket: 2sJDsp3PIiFNpgUDAAAD
=====================================


=== Cliente de Monitoreo Conectado ===
ID del socket: rbOKYqooBeQuUSF4AAAF
=====================================


=== Heartbeat Recibido ===
ID: No asignado
IP: 192.168.1.92
MAC: d8:3a:dd:0b:20:e8
Estado: Activo
========================


=== Heartbeat Recibido ===
ID: No asignado
IP: 192.168.1.92
MAC: d8:3a:dd:0b:20:e8
Estado: Activo
========================


=== Heartbeat Recibido ===
ID: No asignado
IP: 192.168.1.92
MAC: d8:3a:dd:0b:20:e8
Estado: Activo
========================


=== Heartbeat Recibido ===
ID: No asignado
IP: 192.168.1.92
MAC: d8:3a:dd:0b:20:e8
Estado: Activo
========================


=== Heartbeat Recibido ===
ID: No asignado
IP: 192.168.1.92
MAC: d8:3a:dd:0b:20:e8
Estado: Activo
========================


=== Heartbeat Recibido ===
ID: No asignado
IP: 192.168.1.92
MAC: d8:3a:dd:0b:20:e8
Estado: Activo
========================


=== Heartbeat Recibido ===
ID: No asignado
IP: 192.168.1.92
MAC: d8:3a:dd:0b:20:e8
Estado: Activo
========================


=== Heartbeat Recibido ===
ID: No asignado
IP: 192.168.1.92
MAC: d8:3a:dd:0b:20:e8
Estado: Activo
========================


=== Heartbeat Recibido ===
ID: No asignado
IP: 192.168.1.92
MAC: d8:3a:dd:0b:20:e8
Estado: Activo
========================


=== Heartbeat Recibido ===
ID: No asignado
IP: 192.168.1.92
MAC: d8:3a:dd:0b:20:e8
Estado: Activo
========================


=== Heartbeat Recibido ===
ID: No asignado
IP: 192.168.1.92
MAC: d8:3a:dd:0b:20:e8
Estado: Activo
========================


=== Heartbeat Recibido ===
ID: No asignado
IP: 192.168.1.92
MAC: d8:3a:dd:0b:20:e8
Estado: Activo
========================


=== Heartbeat Recibido ===
ID: No asignado
IP: 192.168.1.92
MAC: d8:3a:dd:0b:20:e8
Estado: Activo
========================


=== Heartbeat Recibido ===
ID: No asignado
IP: 192.168.1.92
MAC: d8:3a:dd:0b:20:e8
Estado: Activo
========================


=== Heartbeat Recibido ===
ID: No asignado
IP: 192.168.1.92
MAC: d8:3a:dd:0b:20:e8
Estado: Activo
========================


=== Heartbeat Recibido ===
ID: No asignado
IP: 192.168.1.92
MAC: d8:3a:dd:0b:20:e8
Estado: Activo
========================


=== Heartbeat Recibido ===
ID: No asignado
IP: 192.168.1.92
MAC: d8:3a:dd:0b:20:e8
Estado: Activo
========================


=== Heartbeat Recibido ===
ID: No asignado
IP: 192.168.1.92
MAC: d8:3a:dd:0b:20:e8
Estado: Activo
========================


=== Heartbeat Recibido ===
ID: No asignado
IP: 192.168.1.92
MAC: d8:3a:dd:0b:20:e8
Estado: Activo
========================


=== Heartbeat Recibido ===
ID: No asignado
IP: 192.168.1.92
MAC: d8:3a:dd:0b:20:e8
Estado: Activo
========================


=== Heartbeat Recibido ===
ID: No asignado
IP: 192.168.1.92
MAC: d8:3a:dd:0b:20:e8
Estado: Activo
========================


=== Heartbeat Recibido ===
ID: No asignado
IP: 192.168.1.92
MAC: d8:3a:dd:0b:20:e8
Estado: Activo
========================


=== Heartbeat Recibido ===
ID: No asignado
IP: 192.168.1.92
MAC: d8:3a:dd:0b:20:e8
Estado: Activo
========================


=== Heartbeat Recibido ===
ID: No asignado
IP: 192.168.1.92
MAC: d8:3a:dd:0b:20:e8
Estado: Activo
========================


=== Heartbeat Recibido ===
ID: No asignado
IP: 192.168.1.92
MAC: d8:3a:dd:0b:20:e8
Estado: Activo
========================


=== Heartbeat Recibido ===
ID: No asignado
IP: 192.168.1.92
MAC: d8:3a:dd:0b:20:e8
Estado: Activo
========================


=== Heartbeat Recibido ===
ID: No asignado
IP: 192.168.1.92
MAC: d8:3a:dd:0b:20:e8
Estado: Activo
========================


=== Heartbeat Recibido ===
ID: No asignado
IP: 192.168.1.92
MAC: d8:3a:dd:0b:20:e8
Estado: Activo
========================


=== Heartbeat Recibido ===
ID: No asignado
IP: 192.168.1.92
MAC: d8:3a:dd:0b:20:e8
Estado: Activo
========================


=== Heartbeat Recibido ===
ID: No asignado
IP: 192.168.1.92
MAC: d8:3a:dd:0b:20:e8
Estado: Activo
========================


=== Heartbeat Recibido ===
ID: No asignado
IP: 192.168.1.92
MAC: d8:3a:dd:0b:20:e8
Estado: Activo
========================


=== Heartbeat Recibido ===
ID: No asignado
IP: 192.168.1.92
MAC: d8:3a:dd:0b:20:e8
Estado: Activo
========================


=== Heartbeat Recibido ===
ID: No asignado
IP: 192.168.1.92
MAC: d8:3a:dd:0b:20:e8
Estado: Activo
========================


=== Heartbeat Recibido ===
ID: No asignado
IP: 192.168.1.92
MAC: d8:3a:dd:0b:20:e8
Estado: Activo
========================


=== Heartbeat Recibido ===
ID: No asignado
IP: 192.168.1.92
MAC: d8:3a:dd:0b:20:e8
Estado: Activo
========================


=== Heartbeat Recibido ===
ID: No asignado
IP: 192.168.1.92
MAC: d8:3a:dd:0b:20:e8
Estado: Activo
========================


=== Heartbeat Recibido ===
ID: No asignado
IP: 192.168.1.92
MAC: d8:3a:dd:0b:20:e8
Estado: Activo
========================


=== Heartbeat Recibido ===
ID: No asignado
IP: 192.168.1.92
MAC: d8:3a:dd:0b:20:e8
Estado: Activo
========================


=== Heartbeat Recibido ===
ID: No asignado
IP: 192.168.1.92
MAC: d8:3a:dd:0b:20:e8
Estado: Activo
========================


=== Cliente de Monitoreo Desconectado ===
ID del socket: 2sJDsp3PIiFNpgUDAAAD
========================================


=== Cliente de Monitoreo Conectado ===
ID del socket: aNKGP6wIz24V4bQkAAAH
=====================================


=== Heartbeat Recibido ===
ID: No asignado
IP: 192.168.1.92
MAC: d8:3a:dd:0b:20:e8
Estado: Activo
========================


=== Heartbeat Recibido ===
ID: No asignado
IP: 192.168.1.92
MAC: d8:3a:dd:0b:20:e8
Estado: Activo
========================


=== Cliente de Monitoreo Desconectado ===
ID del socket: k_L2GZdHbGHRpe6fAAAB
========================================


=== Cliente de Monitoreo Conectado ===
ID del socket: 5xU4z8q9AVmhGBABAAAJ
=====================================

Puerto 3001 está disponible.

=== Servidor de Monitoreo Iniciado ===
URL: http://localhost:3001
Puerto: 3001
Modo: Simulación de App Controladora
=====================================


=== Cliente de Monitoreo Conectado ===
ID del socket: rUmRHx0hcER-c2mSAAAB
=====================================


=== Cliente de Monitoreo Conectado ===
ID del socket: gNfDW7hTcPJsL_C4AAAD
=====================================


=== Cliente de Monitoreo Conectado ===
ID del socket: ppddFLj8mNY5o6e_AAAF
=====================================


=== Cliente de Monitoreo Desconectado ===
ID del socket: ppddFLj8mNY5o6e_AAAF
========================================


=== Cliente de Monitoreo Conectado ===
ID del socket: sz9pIiOQgVq6qm_yAAAH
=====================================


=== Cliente de Monitoreo Desconectado ===
ID del socket: rUmRHx0hcER-c2mSAAAB
========================================


=== Cliente de Monitoreo Conectado ===
ID del socket: of7WUZDaFhQjzr33AAAJ
=====================================


=== Heartbeat Recibido ===
ID: No asignado
IP: 192.168.1.92
MAC: d8:3a:dd:0b:20:e8
Estado: Activo
========================


=== Heartbeat Recibido ===
ID: No asignado
IP: 192.168.1.92
MAC: d8:3a:dd:0b:20:e8
Estado: Activo
========================


=== Heartbeat Recibido ===
ID: No asignado
IP: 192.168.1.92
MAC: d8:3a:dd:0b:20:e8
Estado: Activo
========================


=== Heartbeat Recibido ===
ID: No asignado
IP: 192.168.1.92
MAC: d8:3a:dd:0b:20:e8
Estado: Activo
========================


=== Heartbeat Recibido ===
ID: No asignado
IP: 192.168.1.92
MAC: d8:3a:dd:0b:20:e8
Estado: Activo
========================


=== Heartbeat Recibido ===
ID: No asignado
IP: 192.168.1.92
MAC: d8:3a:dd:0b:20:e8
Estado: Activo
========================


=== Heartbeat Recibido ===
ID: No asignado
IP: 192.168.1.92
MAC: d8:3a:dd:0b:20:e8
Estado: Activo
========================


=== Heartbeat Recibido ===
ID: No asignado
IP: 192.168.1.92
MAC: d8:3a:dd:0b:20:e8
Estado: Activo
========================


=== Heartbeat Recibido ===
ID: No asignado
IP: 192.168.1.92
MAC: d8:3a:dd:0b:20:e8
Estado: Activo
========================


=== Heartbeat Recibido ===
ID: No asignado
IP: 192.168.1.92
MAC: d8:3a:dd:0b:20:e8
Estado: Activo
========================


=== Heartbeat Recibido ===
ID: No asignado
IP: 192.168.1.92
MAC: d8:3a:dd:0b:20:e8
Estado: Activo
========================


=== Heartbeat Recibido ===
ID: No asignado
IP: 192.168.1.92
MAC: d8:3a:dd:0b:20:e8
Estado: Activo
========================


=== Heartbeat Recibido ===
ID: No asignado
IP: 192.168.1.92
MAC: d8:3a:dd:0b:20:e8
Estado: Activo
========================


=== Heartbeat Recibido ===
ID: No asignado
IP: 192.168.1.92
MAC: d8:3a:dd:0b:20:e8
Estado: Activo
========================


=== Heartbeat Recibido ===
ID: No asignado
IP: 192.168.1.92
MAC: d8:3a:dd:0b:20:e8
Estado: Activo
========================


=== Heartbeat Recibido ===
ID: No asignado
IP: 192.168.1.92
MAC: d8:3a:dd:0b:20:e8
Estado: Activo
========================


=== Heartbeat Recibido ===
ID: No asignado
IP: 192.168.1.92
MAC: d8:3a:dd:0b:20:e8
Estado: Activo
========================


=== Heartbeat Recibido ===
ID: No asignado
IP: 192.168.1.92
MAC: d8:3a:dd:0b:20:e8
Estado: Activo
========================


=== Heartbeat Recibido ===
ID: No asignado
IP: 192.168.1.92
MAC: d8:3a:dd:0b:20:e8
Estado: Activo
========================


=== Heartbeat Recibido ===
ID: No asignado
IP: 192.168.1.92
MAC: d8:3a:dd:0b:20:e8
Estado: Activo
========================


=== Heartbeat Recibido ===
ID: No asignado
IP: 192.168.1.92
MAC: d8:3a:dd:0b:20:e8
Estado: Activo
========================


=== Heartbeat Recibido ===
ID: No asignado
IP: 192.168.1.92
MAC: d8:3a:dd:0b:20:e8
Estado: Activo
========================


=== Cliente de Monitoreo Desconectado ===
ID del socket: of7WUZDaFhQjzr33AAAJ
========================================


=== Cliente de Monitoreo Conectado ===
ID del socket: SjhS4K3GHUkcTVAIAAAL
=====================================


=== Heartbeat Recibido ===
ID: No asignado
IP: 192.168.1.92
MAC: d8:3a:dd:0b:20:e8
Estado: Activo
========================


=== Heartbeat Recibido ===
ID: No asignado
IP: 192.168.1.92
MAC: d8:3a:dd:0b:20:e8
Estado: Activo
========================


=== Heartbeat Recibido ===
ID: No asignado
IP: 192.168.1.92
MAC: d8:3a:dd:0b:20:e8
Estado: Activo
========================


=== Heartbeat Recibido ===
ID: No asignado
IP: 192.168.1.92
MAC: d8:3a:dd:0b:20:e8
Estado: Activo
========================

